<?xml version="1.0" encoding="UTF-8"?>
<!-- Generated by org.testng.reporters.JUnitReportReporter -->
<testsuite hostname="DESKTOP-J4G6CT3" failures="0" tests="3" name="com.Swaglab.TestCases.InventoryPageTest" time="0.501" errors="0" timestamp="2023-04-29T14:42:49 IST" skipped="0">
  <testcase classname="com.Swaglab.TestCases.InventoryPageTest" name="inventoryItemCount" time="0.049"/>
  <system-out/>
  <testcase classname="com.Swaglab.TestCases.InventoryPageTest" name="inventoryItemNames" time="0.137"/>
  <system-out/>
  <testcase classname="com.Swaglab.TestCases.InventoryPageTest" name="addToCartTest" time="0.315"/>
  <system-out/>
</testsuite> <!-- com.Swaglab.TestCases.InventoryPageTest -->
