<?xml version="1.0" encoding="UTF-8"?>
<!-- Generated by org.testng.reporters.JUnitReportReporter -->
<testsuite hostname="DESKTOP-J4G6CT3" failures="0" tests="2" name="com.Swaglab.TestCases.CheckoutPageTest" time="0.167" errors="0" timestamp="2023-04-29T15:31:20 IST" skipped="0">
  <testcase classname="com.Swaglab.TestCases.CheckoutPageTest" name="CartClickTest" time="0.083"/>
  <system-out/>
  <testcase classname="com.Swaglab.TestCases.CheckoutPageTest" name="checkoutBtnTest" time="0.084"/>
  <system-out/>
</testsuite> <!-- com.Swaglab.TestCases.CheckoutPageTest -->
