<?xml version="1.0" encoding="UTF-8"?>
<!-- Generated by org.testng.reporters.JUnitReportReporter -->
<testsuite hostname="DESKTOP-J4G6CT3" failures="0" tests="1" name="com.Swaglab.TestCases.LoginPageTest" time="1.206" errors="0" timestamp="2023-04-29T14:02:50 IST" skipped="0">
  <testcase classname="com.Swaglab.TestCases.LoginPageTest" name="loginTest" time="1.206"/>
  <system-out/>
</testsuite> <!-- com.Swaglab.TestCases.LoginPageTest -->
