<?xml version="1.0" encoding="UTF-8"?>
<!-- Generated by org.testng.reporters.JUnitReportReporter -->
<testsuite hostname="DESKTOP-J4G6CT3" failures="0" tests="1" name="com.Swaglab.TestCases.CheckoutFormPageTest" time="0.512" errors="0" timestamp="2023-04-29T15:51:21 IST" skipped="0">
  <testcase classname="com.Swaglab.TestCases.CheckoutFormPageTest" name="checkoutFormTest" time="0.512"/>
  <system-out/>
</testsuite> <!-- com.Swaglab.TestCases.CheckoutFormPageTest -->
