<?xml version="1.0" encoding="UTF-8"?>
<!-- Generated by org.testng.reporters.JUnitReportReporter -->
<testsuite hostname="DESKTOP-J4G6CT3" failures="0" tests="2" name="com.Swaglab.TestCases.OverviewPageTest" time="0.251" errors="0" timestamp="2023-04-29T16:25:12 IST" skipped="0">
  <testcase classname="com.Swaglab.TestCases.OverviewPageTest" name="overViewPageTest" time="0.119"/>
  <system-out/>
  <testcase classname="com.Swaglab.TestCases.OverviewPageTest" name="finishBtnTest" time="0.132"/>
  <system-out/>
</testsuite> <!-- com.Swaglab.TestCases.OverviewPageTest -->
